<?xml version="1.0" encoding="UTF-8"?>
<testsuite name="com.spnd.business.processsor.AbstractLogAnalyzerProcessorTest" tests="1" skipped="0" failures="0" errors="0" timestamp="2018-09-20T05:34:15" hostname="supslap" time="0.735">
  <properties/>
  <testcase name="testProcessGrouppedData" classname="com.spnd.business.processsor.AbstractLogAnalyzerProcessorTest" time="0.735"/>
  <system-out><![CDATA[]]></system-out>
  <system-err><![CDATA[]]></system-err>
</testsuite>
