<?xml version="1.0" encoding="UTF-8"?>
<testsuite name="com.spnd.data.repository.LogAnalyzerDaoImplJunitTest" tests="2" skipped="0" failures="0" errors="0" timestamp="2018-09-20T05:34:19" hostname="supslap" time="0.528">
  <properties/>
  <testcase name="testInserRecord" classname="com.spnd.data.repository.LogAnalyzerDaoImplJunitTest" time="0.518"/>
  <testcase name="testInserRecords" classname="com.spnd.data.repository.LogAnalyzerDaoImplJunitTest" time="0.008"/>
  <system-out><![CDATA[]]></system-out>
  <system-err><![CDATA[]]></system-err>
</testsuite>
