<?xml version="1.0" encoding="UTF-8"?>
<testsuite name="com.spnd.business.processsor.LogAnalyzerTaskTest" tests="1" skipped="0" failures="0" errors="0" timestamp="2018-09-20T05:34:17" hostname="supslap" time="0.0">
  <properties/>
  <testcase name="testRun" classname="com.spnd.business.processsor.LogAnalyzerTaskTest" time="0.0"/>
  <system-out><![CDATA[]]></system-out>
  <system-err><![CDATA[]]></system-err>
</testsuite>
