<?xml version="1.0" encoding="UTF-8"?>
<testsuite name="com.spnd.business.processsor.LogAnalyzerProcessorTest" tests="1" skipped="0" failures="0" errors="0" timestamp="2018-09-20T05:34:17" hostname="supslap" time="0.381">
  <properties/>
  <testcase name="testPopulateLogDetailsParam" classname="com.spnd.business.processsor.LogAnalyzerProcessorTest" time="0.381"/>
  <system-out><![CDATA[]]></system-out>
  <system-err><![CDATA[]]></system-err>
</testsuite>
