<?xml version="1.0" encoding="UTF-8"?>
<testsuite name="com.spnd.business.util.JsonUtilTest" tests="5" skipped="0" failures="0" errors="0" timestamp="2018-09-20T05:34:17" hostname="supslap" time="1.551">
  <properties/>
  <testcase name="testGetFieldValue" classname="com.spnd.business.util.JsonUtilTest" time="0.665"/>
  <testcase name="testCalculateDuration" classname="com.spnd.business.util.JsonUtilTest" time="0.252"/>
  <testcase name="testGetTextFieldValue" classname="com.spnd.business.util.JsonUtilTest" time="0.002"/>
  <testcase name="testGetLongFieldValue" classname="com.spnd.business.util.JsonUtilTest" time="0.004"/>
  <testcase name="testParseToObject" classname="com.spnd.business.util.JsonUtilTest" time="0.626"/>
  <system-out><![CDATA[]]></system-out>
  <system-err><![CDATA[]]></system-err>
</testsuite>
